<?xml version="1.0" encoding="utf-8"?><testsuites><testsuite errors="0" failures="0" hostname="Yashintosh.local" name="pytest" skipped="0" tests="301" time="99.370" timestamp="2020-11-15T19:50:35.235618"><testcase classname="src.auth_tests.auth_login_test" name="test_success" time="0.002"></testcase><testcase classname="src.auth_tests.auth_login_test" name="test_unregistered_email" time="0.001"></testcase><testcase classname="src.auth_tests.auth_login_test" name="test_incorrect_password" time="0.001"></testcase><testcase classname="src.auth_tests.auth_login_test" name="test_invalid_email" time="0.001"></testcase><testcase classname="src.auth_tests.auth_login_test" name="test_empty_email" time="0.001"></testcase><testcase classname="src.auth_tests.auth_login_test" name="test_empty_password" time="0.001"></testcase><testcase classname="src.auth_tests.auth_logout_test" name="test_logout" time="0.004"></testcase><testcase classname="src.auth_tests.auth_logout_test" name="test_already_logged_out" time="0.003"></testcase><testcase classname="src.auth_tests.auth_logout_test" name="test_invalid_token" time="0.001"></testcase><testcase classname="src.auth_tests.auth_passwordreset_request_test" name="test_auth_passwordreset_request_success" time="6.734"></testcase><testcase classname="src.auth_tests.auth_passwordreset_reset_test" name="test_invalid_reset_code" time="3.499"></testcase><testcase classname="src.auth_tests.auth_register_test" name="test_valid" time="0.001"></testcase><testcase classname="src.auth_tests.auth_register_test" name="test_invalid_email" time="0.001"></testcase><testcase classname="src.auth_tests.auth_register_test" name="test_invalid_password" time="0.003"></testcase><testcase classname="src.auth_tests.auth_register_test" name="test_empty_password" time="0.002"></testcase><testcase classname="src.auth_tests.auth_register_test" name="test_invalid_fname" time="0.004"></testcase><testcase classname="src.auth_tests.auth_register_test" name="test_invalid_lname" time="0.004"></testcase><testcase classname="src.auth_tests.auth_register_test" name="test_empty_first_name" time="0.002"></testcase><testcase classname="src.auth_tests.auth_register_test" name="test_empty_last_name" time="0.004"></testcase><testcase classname="src.auth_tests.auth_register_test" name="test_already_registered" time="0.007"></testcase><testcase classname="src.channel_tests.channel_addowner_test" name="test_addowner_simple" time="0.015"></testcase><testcase classname="src.channel_tests.channel_addowner_test" name="test_flockr_owner" time="0.011"></testcase><testcase classname="src.channel_tests.channel_addowner_test" name="test_not_member" time="0.003"></testcase><testcase classname="src.channel_tests.channel_addowner_test" name="test_invalid_token" time="0.003"></testcase><testcase classname="src.channel_tests.channel_addowner_test" name="test_invalid_user_id" time="0.004"></testcase><testcase classname="src.channel_tests.channel_addowner_test" name="test_invalid_channel" time="0.003"></testcase><testcase classname="src.channel_tests.channel_addowner_test" name="test_not_authorized" time="0.004"></testcase><testcase classname="src.channel_tests.channel_addowner_test" name="test_already_owner" time="0.007"></testcase><testcase classname="src.channel_tests.channel_details_test" name="test_details_simple" time="0.004"></testcase><testcase classname="src.channel_tests.channel_details_test" name="test_details_big" time="0.008"></testcase><testcase classname="src.channel_tests.channel_details_test" name="test_not_member" time="0.003"></testcase><testcase classname="src.channel_tests.channel_details_test" name="test_invalid_token" time="0.009"></testcase><testcase classname="src.channel_tests.channel_details_test" name="test_invalid_channel" time="0.003"></testcase><testcase classname="src.channel_tests.channel_invite_test" name="test_valid_invite_p1" time="0.022"></testcase><testcase classname="src.channel_tests.channel_invite_test" name="test_valid_invite_p2" time="0.005"></testcase><testcase classname="src.channel_tests.channel_invite_test" name="test_invite_oneself" time="0.008"></testcase><testcase classname="src.channel_tests.channel_invite_test" name="test_invalid_token" time="0.003"></testcase><testcase classname="src.channel_tests.channel_invite_test" name="test_invalid_channel" time="0.005"></testcase><testcase classname="src.channel_tests.channel_invite_test" name="test_invalid_user_id" time="0.005"></testcase><testcase classname="src.channel_tests.channel_join_test" name="test_join_public" time="0.003"></testcase><testcase classname="src.channel_tests.channel_join_test" name="test_join_private_owner" time="0.013"></testcase><testcase classname="src.channel_tests.channel_join_test" name="test_join_private_member" time="0.008"></testcase><testcase classname="src.channel_tests.channel_join_test" name="test_invalid_channel" time="0.003"></testcase><testcase classname="src.channel_tests.channel_join_test" name="test_invalid_token" time="0.003"></testcase><testcase classname="src.channel_tests.channel_leave_test" name="test_leave_member" time="0.007"></testcase><testcase classname="src.channel_tests.channel_leave_test" name="test_leave_owner" time="0.004"></testcase><testcase classname="src.channel_tests.channel_leave_test" name="test_not_member" time="0.004"></testcase><testcase classname="src.channel_tests.channel_leave_test" name="test_invalid_token" time="0.010"></testcase><testcase classname="src.channel_tests.channel_leave_test" name="test_invalid_channel" time="0.003"></testcase><testcase classname="src.channel_tests.channel_messages_test" name="test_messages_empty" time="0.008"></testcase><testcase classname="src.channel_tests.channel_messages_test" name="test_messages_simple" time="0.009"></testcase><testcase classname="src.channel_tests.channel_messages_test" name="test_channel_messages_pagination" time="1.042"></testcase><testcase classname="src.channel_tests.channel_messages_test" name="test_not_member" time="0.007"></testcase><testcase classname="src.channel_tests.channel_messages_test" name="test_invalid_channel" time="0.006"></testcase><testcase classname="src.channel_tests.channel_messages_test" name="test_invalid_start" time="0.008"></testcase><testcase classname="src.channel_tests.channel_messages_test" name="test_invalid_token" time="0.004"></testcase><testcase classname="src.channel_tests.channel_removeowner_test" name="test_remove_owner_simple" time="0.009"></testcase><testcase classname="src.channel_tests.channel_removeowner_test" name="test_flockr_owner" time="0.013"></testcase><testcase classname="src.channel_tests.channel_removeowner_test" name="test_not_member" time="0.006"></testcase><testcase classname="src.channel_tests.channel_removeowner_test" name="test_invalid_token" time="0.005"></testcase><testcase classname="src.channel_tests.channel_removeowner_test" name="test_invalid_user_id" time="0.004"></testcase><testcase classname="src.channel_tests.channel_removeowner_test" name="test_invalid_channel" time="0.006"></testcase><testcase classname="src.channel_tests.channel_removeowner_test" name="test_not_authorized" time="0.006"></testcase><testcase classname="src.channel_tests.channel_removeowner_test" name="test_not_owner" time="0.004"></testcase><testcase classname="src.channels_tests.channels_create_test" name="test_simple" time="0.007"></testcase><testcase classname="src.channels_tests.channels_create_test" name="test_multiple_users" time="0.005"></testcase><testcase classname="src.channels_tests.channels_create_test" name="test_invalid_token" time="0.004"></testcase><testcase classname="src.channels_tests.channels_create_test" name="test_invalid_channel_name" time="0.005"></testcase><testcase classname="src.channels_tests.channels_create_test" name="test_invalid_is_public" time="0.003"></testcase><testcase classname="src.channels_tests.channels_list_test" name="test_return_types" time="0.003"></testcase><testcase classname="src.channels_tests.channels_list_test" name="test_channels_list_empty_list" time="0.005"></testcase><testcase classname="src.channels_tests.channels_list_test" name="test_simple" time="0.012"></testcase><testcase classname="src.channels_tests.channels_list_test" name="test_complex" time="0.007"></testcase><testcase classname="src.channels_tests.channels_list_test" name="test_invalid_token" time="0.004"></testcase><testcase classname="src.channels_tests.channels_listall_test" name="test_return_types" time="0.003"></testcase><testcase classname="src.channels_tests.channels_listall_test" name="test_simple" time="0.012"></testcase><testcase classname="src.channels_tests.channels_listall_test" name="test_invalid_token" time="0.004"></testcase><testcase classname="src.http_tests.echo_http_test" name="test_echo" time="0.483"></testcase><testcase classname="src.http_tests.http_auth_test" name="test_url" time="0.576"></testcase><testcase classname="src.http_tests.http_auth_test" name="test_reg_simple" time="1.088"></testcase><testcase classname="src.http_tests.http_auth_test" name="test_reg_invalid_email" time="0.908"></testcase><testcase classname="src.http_tests.http_auth_test" name="test_reg_invalid_password" time="0.909"></testcase><testcase classname="src.http_tests.http_auth_test" name="test_reg_empty_password" time="0.499"></testcase><testcase classname="src.http_tests.http_auth_test" name="test_reg_invalid_fname" time="0.494"></testcase><testcase classname="src.http_tests.http_auth_test" name="test_reg_invalid_lname" time="0.648"></testcase><testcase classname="src.http_tests.http_auth_test" name="test_reg_empty_first_name" time="0.790"></testcase><testcase classname="src.http_tests.http_auth_test" name="test_reg_empty_last_name" time="0.459"></testcase><testcase classname="src.http_tests.http_auth_test" name="test_already_registered" time="0.555"></testcase><testcase classname="src.http_tests.http_auth_test" name="test_reg_key_error" time="0.505"></testcase><testcase classname="src.http_tests.http_auth_test" name="test_reg_bad_request" time="0.514"></testcase><testcase classname="src.http_tests.http_auth_test" name="test_login_simple" time="0.545"></testcase><testcase classname="src.http_tests.http_auth_test" name="test_login_unregistered_email" time="0.500"></testcase><testcase classname="src.http_tests.http_auth_test" name="test_login_incorrect_password" time="0.565"></testcase><testcase classname="src.http_tests.http_auth_test" name="test_login_invalid_email" time="0.614"></testcase><testcase classname="src.http_tests.http_auth_test" name="test_login_empty_email" time="0.473"></testcase><testcase classname="src.http_tests.http_auth_test" name="test_login_empty_password" time="0.543"></testcase><testcase classname="src.http_tests.http_auth_test" name="test_login_key_error" time="1.017"></testcase><testcase classname="src.http_tests.http_auth_test" name="test_login_bad_request" time="0.876"></testcase><testcase classname="src.http_tests.http_auth_test" name="test_logout_simple" time="0.966"></testcase><testcase classname="src.http_tests.http_auth_test" name="test_already_logged_out" time="0.566"></testcase><testcase classname="src.http_tests.http_auth_test" name="test_logout_invalid_token" time="0.498"></testcase><testcase classname="src.http_tests.http_auth_test" name="test_logout_key_error" time="0.531"></testcase><testcase classname="src.http_tests.http_auth_test" name="test_logout_bad_request" time="0.615"></testcase><testcase classname="src.http_tests.http_auth_test" name="test_request_invalid_email" time="0.459"></testcase><testcase classname="src.http_tests.http_channel_test" name="test_url" time="0.480"></testcase><testcase classname="src.http_tests.http_channel_test" name="test_invite_simple" time="0.575"></testcase><testcase classname="src.http_tests.http_channel_test" name="test_invite_oneself" time="0.669"></testcase><testcase classname="src.http_tests.http_channel_test" name="test_invite_invalid_token" time="0.543"></testcase><testcase classname="src.http_tests.http_channel_test" name="test_invite_invalid_channel" time="0.552"></testcase><testcase classname="src.http_tests.http_channel_test" name="test_invite_invalid_user_id" time="0.590"></testcase><testcase classname="src.http_tests.http_channel_test" name="test_invite_key_error" time="0.580"></testcase><testcase classname="src.http_tests.http_channel_test" name="test_invite_bad_request" time="0.537"></testcase><testcase classname="src.http_tests.http_channel_test" name="test_details_simple" time="0.613"></testcase><testcase classname="src.http_tests.http_channel_test" name="test_details_not_member" time="0.585"></testcase><testcase classname="src.http_tests.http_channel_test" name="test_details_invalid_token" time="0.707"></testcase><testcase classname="src.http_tests.http_channel_test" name="test_details_invalid_channel" time="0.553"></testcase><testcase classname="src.http_tests.http_channel_test" name="test_details_key_error" time="0.468"></testcase><testcase classname="src.http_tests.http_channel_test" name="test_messages_simple" time="0.485"></testcase><testcase classname="src.http_tests.http_channel_test" name="test_messages_not_member" time="0.458"></testcase><testcase classname="src.http_tests.http_channel_test" name="test_messages_invalid_channel" time="0.496"></testcase><testcase classname="src.http_tests.http_channel_test" name="test_messages_invalid_start" time="0.477"></testcase><testcase classname="src.http_tests.http_channel_test" name="test_messages_invalid_token" time="0.524"></testcase><testcase classname="src.http_tests.http_channel_test" name="test_messages_key_error" time="0.452"></testcase><testcase classname="src.http_tests.http_channel_test" name="test_leave_simple" time="0.536"></testcase><testcase classname="src.http_tests.http_channel_test" name="test_leave_not_member" time="0.628"></testcase><testcase classname="src.http_tests.http_channel_test" name="test_leave_invalid_channel" time="0.469"></testcase><testcase classname="src.http_tests.http_channel_test" name="test_leave_invalid_token" time="0.460"></testcase><testcase classname="src.http_tests.http_channel_test" name="test_leave_key_error" time="0.454"></testcase><testcase classname="src.http_tests.http_channel_test" name="test_leave_bad_request" time="0.460"></testcase><testcase classname="src.http_tests.http_channel_test" name="test_join_simple" time="0.459"></testcase><testcase classname="src.http_tests.http_channel_test" name="test_join_private" time="0.453"></testcase><testcase classname="src.http_tests.http_channel_test" name="test_join_invalid_channel" time="0.593"></testcase><testcase classname="src.http_tests.http_channel_test" name="test_join_invalid_token" time="0.524"></testcase><testcase classname="src.http_tests.http_channel_test" name="test_join_key_error" time="0.757"></testcase><testcase classname="src.http_tests.http_channel_test" name="test_join_bad_request" time="0.576"></testcase><testcase classname="src.http_tests.http_channel_test" name="test_addowner_simple" time="0.500"></testcase><testcase classname="src.http_tests.http_channel_test" name="test_addowner_not_auth" time="0.518"></testcase><testcase classname="src.http_tests.http_channel_test" name="test_addowner_already_owner" time="0.522"></testcase><testcase classname="src.http_tests.http_channel_test" name="test_addowner_invalid_channel" time="0.552"></testcase><testcase classname="src.http_tests.http_channel_test" name="test_addowner_invalid_token" time="0.497"></testcase><testcase classname="src.http_tests.http_channel_test" name="test_addowner_key_error" time="0.499"></testcase><testcase classname="src.http_tests.http_channel_test" name="test_addowner_bad_request" time="0.576"></testcase><testcase classname="src.http_tests.http_channel_test" name="test_removeowner_simple" time="0.643"></testcase><testcase classname="src.http_tests.http_channel_test" name="test_removeowner_not_auth" time="0.910"></testcase><testcase classname="src.http_tests.http_channel_test" name="test_removeowner_member" time="0.831"></testcase><testcase classname="src.http_tests.http_channel_test" name="test_removeowner_invalid_channel" time="0.933"></testcase><testcase classname="src.http_tests.http_channel_test" name="test_removeowner_invalid_token" time="0.729"></testcase><testcase classname="src.http_tests.http_channel_test" name="test_removeowner_key_error" time="0.584"></testcase><testcase classname="src.http_tests.http_channel_test" name="test_removeowner_bad_request" time="0.570"></testcase><testcase classname="src.http_tests.http_channels_test" name="test_url" time="0.483"></testcase><testcase classname="src.http_tests.http_channels_test" name="test_list_empty_list" time="0.665"></testcase><testcase classname="src.http_tests.http_channels_test" name="test_list_simple" time="0.546"></testcase><testcase classname="src.http_tests.http_channels_test" name="test_list_invalid_token" time="0.561"></testcase><testcase classname="src.http_tests.http_channels_test" name="test_list_key_error" time="0.598"></testcase><testcase classname="src.http_tests.http_channels_test" name="test_listall_empty_list" time="0.450"></testcase><testcase classname="src.http_tests.http_channels_test" name="test_listall_simple" time="0.487"></testcase><testcase classname="src.http_tests.http_channels_test" name="test_listall_invalid_token" time="0.455"></testcase><testcase classname="src.http_tests.http_channels_test" name="test_listall_key_error" time="0.643"></testcase><testcase classname="src.http_tests.http_channels_test" name="test_create_simple" time="0.679"></testcase><testcase classname="src.http_tests.http_channels_test" name="test_create_invalid_channel" time="0.748"></testcase><testcase classname="src.http_tests.http_channels_test" name="test_create_invalid_ispublic" time="0.498"></testcase><testcase classname="src.http_tests.http_channels_test" name="test_create_invalid_token" time="0.471"></testcase><testcase classname="src.http_tests.http_channels_test" name="test_create_key_error" time="0.457"></testcase><testcase classname="src.http_tests.http_channels_test" name="test_addowner_bad_request" time="0.463"></testcase><testcase classname="src.http_tests.http_messages_test" name="test_url" time="0.427"></testcase><testcase classname="src.http_tests.http_messages_test" name="test_message_sucess_send" time="0.466"></testcase><testcase classname="src.http_tests.http_messages_test" name="test_message_fail_send_not_member" time="0.600"></testcase><testcase classname="src.http_tests.http_messages_test" name="test_message_fail_send_exceeds_word_limit" time="0.508"></testcase><testcase classname="src.http_tests.http_messages_test" name="test_message_success_sendlater" time="0.468"></testcase><testcase classname="src.http_tests.http_messages_test" name="test_message_fail_sendlater_exceeds_word_limit" time="0.482"></testcase><testcase classname="src.http_tests.http_messages_test" name="test_message_fail_sendlater_invalidtime" time="0.693"></testcase><testcase classname="src.http_tests.http_messages_test" name="test_message_fail_sendlater_not_member" time="0.540"></testcase><testcase classname="src.http_tests.http_messages_test" name="test_message_fail_send_later_invalid_channel" time="0.486"></testcase><testcase classname="src.http_tests.http_messages_test" name="test_message_success_edit" time="0.518"></testcase><testcase classname="src.http_tests.http_messages_test" name="test_message_fail_edit_unauthorised_user" time="0.506"></testcase><testcase classname="src.http_tests.http_messages_test" name="test_message_success_remove" time="0.508"></testcase><testcase classname="src.http_tests.http_messages_test" name="test_message_fail_remove" time="1.050"></testcase><testcase classname="src.http_tests.http_messages_test" name="test_message_fail_remove_unauthorised_user" time="0.674"></testcase><testcase classname="src.http_tests.http_messages_test" name="test_message_success_react" time="0.734"></testcase><testcase classname="src.http_tests.http_messages_test" name="test_message_fail_react_invalid_react_id" time="0.496"></testcase><testcase classname="src.http_tests.http_messages_test" name="test_message_fail_react_invalid_message_id" time="0.475"></testcase><testcase classname="src.http_tests.http_messages_test" name="test_message_fail_react_already_reacted" time="0.470"></testcase><testcase classname="src.http_tests.http_messages_test" name="test_message_sucess_unreact" time="0.461"></testcase><testcase classname="src.http_tests.http_messages_test" name="test_message_fail_unreact_invalid_message_id" time="0.462"></testcase><testcase classname="src.http_tests.http_messages_test" name="test_message_fail_unreact_invalid_react_id" time="0.464"></testcase><testcase classname="src.http_tests.http_messages_test" name="test_message_fail_unreact_twice" time="0.505"></testcase><testcase classname="src.http_tests.http_messages_test" name="test_message_sucess_pin" time="0.527"></testcase><testcase classname="src.http_tests.http_messages_test" name="test_message_fail_pin_invalid_message_id" time="0.529"></testcase><testcase classname="src.http_tests.http_messages_test" name="test_message_fail_pin_already_pinned" time="0.467"></testcase><testcase classname="src.http_tests.http_messages_test" name="test_message_fail_pin_not_authorised" time="0.464"></testcase><testcase classname="src.http_tests.http_messages_test" name="test_message_sucess_unpin" time="0.621"></testcase><testcase classname="src.http_tests.http_messages_test" name="test_message_fail_unpin_invalid_message_id" time="1.147"></testcase><testcase classname="src.http_tests.http_messages_test" name="test_message_fail_already_unpinned" time="1.784"></testcase><testcase classname="src.http_tests.http_messages_test" name="test_message_fail_unpin_not_authorised" time="1.321"></testcase><testcase classname="src.http_tests.http_user_test" name="test_url" time="0.565"></testcase><testcase classname="src.http_tests.http_user_test" name="test_valid_email_change" time="0.540"></testcase><testcase classname="src.http_tests.http_user_test" name="test_invalid_email_change" time="0.568"></testcase><testcase classname="src.http_tests.http_user_test" name="test_valid_name_change" time="0.580"></testcase><testcase classname="src.http_tests.http_user_test" name="test_invalid_fname_change" time="0.778"></testcase><testcase classname="src.http_tests.http_user_test" name="test_invalid_lname_change" time="0.466"></testcase><testcase classname="src.http_tests.http_user_test" name="test_valid_handle_change" time="0.623"></testcase><testcase classname="src.http_tests.http_user_test" name="test_invalid_handle_short" time="0.578"></testcase><testcase classname="src.http_tests.http_user_test" name="test_invalid_handle_long" time="0.549"></testcase><testcase classname="src.http_tests.http_user_test" name="test_valid_uploadphoto" time="0.770"></testcase><testcase classname="src.http_tests.http_user_test" name="test_invalid_uploadphoto" time="0.638"></testcase><testcase classname="src.message_tests.message_edit_test" name="test_valid_message_edit" time="0.007"></testcase><testcase classname="src.message_tests.message_edit_test" name="test_authorized_edit_owner" time="0.008"></testcase><testcase classname="src.message_tests.message_edit_test" name="test_authorized_edit_flockr_owner" time="0.007"></testcase><testcase classname="src.message_tests.message_edit_test" name="test_invalid_token" time="0.004"></testcase><testcase classname="src.message_tests.message_edit_test" name="test_invalid_message_id" time="0.004"></testcase><testcase classname="src.message_tests.message_edit_test" name="test_invalid_message_edit_exceeds_size_limit" time="0.005"></testcase><testcase classname="src.message_tests.message_edit_test" name="test_invalid_message_edit_not_sender" time="0.006"></testcase><testcase classname="src.message_tests.message_edit_test" name="test_invalid_message_edit_not_authorized" time="0.008"></testcase><testcase classname="src.message_tests.message_pin_test" name="test_success_pin" time="0.008"></testcase><testcase classname="src.message_tests.message_pin_test" name="test_invalid_message_id" time="0.003"></testcase><testcase classname="src.message_tests.message_pin_test" name="test_pin_already" time="0.004"></testcase><testcase classname="src.message_tests.message_pin_test" name="test_not_in_channel" time="0.005"></testcase><testcase classname="src.message_tests.message_pin_test" name="test_not_owner" time="0.012"></testcase><testcase classname="src.message_tests.message_react_test" name="test_success_react" time="0.007"></testcase><testcase classname="src.message_tests.message_react_test" name="test_invalid_message_id" time="0.005"></testcase><testcase classname="src.message_tests.message_react_test" name="test_invalid_react_id" time="0.003"></testcase><testcase classname="src.message_tests.message_react_test" name="test_react_already_exist" time="0.006"></testcase><testcase classname="src.message_tests.message_remove_test" name="test_valid_message_remove" time="0.004"></testcase><testcase classname="src.message_tests.message_remove_test" name="test_valid_message_remove_channel_owner" time="0.009"></testcase><testcase classname="src.message_tests.message_remove_test" name="test_valid_message_remove_flockr_owner" time="0.015"></testcase><testcase classname="src.message_tests.message_remove_test" name="test_invalid_message_token" time="0.003"></testcase><testcase classname="src.message_tests.message_remove_test" name="test_invalid_message_id" time="0.006"></testcase><testcase classname="src.message_tests.message_remove_test" name="test_invalid_message_removed" time="0.004"></testcase><testcase classname="src.message_tests.message_remove_test" name="test_invalid_message_remove_not_sender" time="0.010"></testcase><testcase classname="src.message_tests.message_remove_test" name="test_invalid_message_remove_not_authorized" time="0.006"></testcase><testcase classname="src.message_tests.message_send_test" name="test_valid_message_send" time="0.005"></testcase><testcase classname="src.message_tests.message_send_test" name="test_invalid_message_token" time="0.006"></testcase><testcase classname="src.message_tests.message_send_test" name="test_invalid_message_channel_id" time="0.004"></testcase><testcase classname="src.message_tests.message_send_test" name="test_invalid_message_string_size_1000" time="0.004"></testcase><testcase classname="src.message_tests.message_send_test" name="test_invalid_message_not_in_channel" time="0.010"></testcase><testcase classname="src.message_tests.message_sendlater_test" name="test_message_sendlater_success" time="0.004"></testcase><testcase classname="src.message_tests.message_sendlater_test" name="test_invalid_channel_id" time="0.009"></testcase><testcase classname="src.message_tests.message_sendlater_test" name="test_exceed_word_limit" time="0.017"></testcase><testcase classname="src.message_tests.message_sendlater_test" name="test_invalid_time" time="0.007"></testcase><testcase classname="src.message_tests.message_sendlater_test" name="test_not_authorized" time="0.003"></testcase><testcase classname="src.message_tests.message_unpin_test" name="test_success_unpin" time="0.006"></testcase><testcase classname="src.message_tests.message_unpin_test" name="test_invalid_message_id" time="0.004"></testcase><testcase classname="src.message_tests.message_unpin_test" name="test_not_pinned" time="0.003"></testcase><testcase classname="src.message_tests.message_unpin_test" name="test_unpin_already" time="0.004"></testcase><testcase classname="src.message_tests.message_unpin_test" name="test_not_in_channel" time="0.004"></testcase><testcase classname="src.message_tests.message_unpin_test" name="test_not_owner" time="0.006"></testcase><testcase classname="src.message_tests.message_unreact_test" name="test_success_unreact" time="0.005"></testcase><testcase classname="src.message_tests.message_unreact_test" name="test_invalid_message_id" time="0.003"></testcase><testcase classname="src.message_tests.message_unreact_test" name="test_invalid_unreact_id" time="0.004"></testcase><testcase classname="src.message_tests.message_unreact_test" name="test_no_react" time="0.003"></testcase><testcase classname="src.other_tests.admin_userpermission_change_test" name="test_permissions_simple" time="0.003"></testcase><testcase classname="src.other_tests.admin_userpermission_change_test" name="test_invalid_permission_id" time="0.005"></testcase><testcase classname="src.other_tests.admin_userpermission_change_test" name="test_invalid_user_id" time="0.003"></testcase><testcase classname="src.other_tests.admin_userpermission_change_test" name="test_user_not_owner_1" time="0.004"></testcase><testcase classname="src.other_tests.admin_userpermission_change_test" name="test_user_not_owner_2" time="0.004"></testcase><testcase classname="src.other_tests.clear_test" name="test_user_all" time="0.003"></testcase><testcase classname="src.other_tests.echo_test" name="test_echo" time="0.001"></testcase><testcase classname="src.other_tests.echo_test" name="test_echo_except" time="0.001"></testcase><testcase classname="src.other_tests.search_test" name="test_simple_search" time="0.005"></testcase><testcase classname="src.other_tests.search_test" name="test_selective_search" time="0.004"></testcase><testcase classname="src.other_tests.search_test" name="test_diff_users" time="0.003"></testcase><testcase classname="src.standup_tests.standup_active_test" name="test_no_standup" time="0.004"></testcase><testcase classname="src.standup_tests.standup_active_test" name="test_simple" time="0.003"></testcase><testcase classname="src.standup_tests.standup_active_test" name="test_invalid_token" time="0.002"></testcase><testcase classname="src.standup_tests.standup_active_test" name="test_invalid_channel_id" time="0.009"></testcase><testcase classname="src.standup_tests.standup_send_test" name="test_standup_active_success" time="0.029"></testcase><testcase classname="src.standup_tests.standup_send_test" name="test_invalid_token" time="0.011"></testcase><testcase classname="src.standup_tests.standup_send_test" name="test_invalid_channel_id" time="0.016"></testcase><testcase classname="src.standup_tests.standup_send_test" name="test_invalid_message_string_size" time="0.010"></testcase><testcase classname="src.standup_tests.standup_send_test" name="test_no_standup" time="0.003"></testcase><testcase classname="src.standup_tests.standup_send_test" name="test_standup_ended" time="3.022"></testcase><testcase classname="src.standup_tests.standup_send_test" name="test_unauthorised_user" time="0.014"></testcase><testcase classname="src.standup_tests.standup_start_test" name="test_simple" time="5.021"></testcase><testcase classname="src.standup_tests.standup_start_test" name="test_invalid_token" time="0.004"></testcase><testcase classname="src.standup_tests.standup_start_test" name="test_invalid_channel_id" time="0.006"></testcase><testcase classname="src.standup_tests.standup_start_test" name="test_standup_already_exists" time="0.006"></testcase><testcase classname="src.user_tests.user_all_test" name="test_users_all" time="0.013"></testcase><testcase classname="src.user_tests.user_profile_setemail_test" name="test_valid_email" time="0.004"></testcase><testcase classname="src.user_tests.user_profile_setemail_test" name="test_invalid_email" time="0.005"></testcase><testcase classname="src.user_tests.user_profile_setemail_test" name="test_email_used" time="0.007"></testcase><testcase classname="src.user_tests.user_profile_sethandle_test" name="test_valid_handle" time="0.004"></testcase><testcase classname="src.user_tests.user_profile_sethandle_test" name="test_invalid_handle_short" time="0.004"></testcase><testcase classname="src.user_tests.user_profile_sethandle_test" name="test_invalid_handle_long" time="0.004"></testcase><testcase classname="src.user_tests.user_profile_sethandle_test" name="test_handle_already_used" time="0.003"></testcase><testcase classname="src.user_tests.user_profile_setname_test" name="test_valid_name" time="0.005"></testcase><testcase classname="src.user_tests.user_profile_setname_test" name="test_invalid_fname" time="0.013"></testcase><testcase classname="src.user_tests.user_profile_setname_test" name="test_invalid_lname" time="0.025"></testcase><testcase classname="src.user_tests.user_profile_setname_test" name="test_invalid_longfname" time="0.020"></testcase><testcase classname="src.user_tests.user_profile_setname_test" name="test_invalid_longlname" time="0.007"></testcase><testcase classname="src.user_tests.user_profile_test" name="test_invalid_user_profile" time="0.011"></testcase><testcase classname="src.user_tests.user_profile_test" name="test_invalid_user_profile_token" time="0.004"></testcase><testcase classname="src.user_tests.user_profile_uploadphoto_test" name="test_user_profile_uploadphoto" time="0.241"></testcase><testcase classname="src.user_tests.user_profile_uploadphoto_test" name="test_not_jpg" time="0.004"></testcase><testcase classname="src.user_tests.user_profile_uploadphoto_test" name="test_invalid_width_small_start" time="0.076"></testcase><testcase classname="src.user_tests.user_profile_uploadphoto_test" name="test_invalid_width_large_start" time="0.068"></testcase><testcase classname="src.user_tests.user_profile_uploadphoto_test" name="test_invalid_height_small_start" time="0.059"></testcase><testcase classname="src.user_tests.user_profile_uploadphoto_test" name="test_invalid_height_large_start" time="0.062"></testcase><testcase classname="src.user_tests.user_profile_uploadphoto_test" name="test_invalid_width_small_end" time="0.067"></testcase><testcase classname="src.user_tests.user_profile_uploadphoto_test" name="test_invalid_width_large_end" time="0.062"></testcase><testcase classname="src.user_tests.user_profile_uploadphoto_test" name="test_invalid_height_small_end" time="0.064"></testcase><testcase classname="src.user_tests.user_profile_uploadphoto_test" name="test_invalid_height_large_end" time="0.131"></testcase></testsuite></testsuites>