<?xml version="1.0" encoding="utf-8"?><testsuites><testsuite errors="0" failures="0" hostname="Yashintosh.local" name="pytest" skipped="0" tests="90" time="1.616" timestamp="2020-10-20T10:46:03.958982"><testcase classname="src.auth_login_test" name="test_success" time="0.003"></testcase><testcase classname="src.auth_login_test" name="test_unregistered_email" time="0.002"></testcase><testcase classname="src.auth_login_test" name="test_incorrect_password" time="0.002"></testcase><testcase classname="src.auth_login_test" name="test_invalid_email" time="0.001"></testcase><testcase classname="src.auth_login_test" name="test_empty_email" time="0.001"></testcase><testcase classname="src.auth_login_test" name="test_empty_password" time="0.001"></testcase><testcase classname="src.auth_logout_test" name="test_logout" time="0.002"></testcase><testcase classname="src.auth_logout_test" name="test_already_logged_out" time="0.001"></testcase><testcase classname="src.auth_register_test" name="test_valid" time="0.001"></testcase><testcase classname="src.auth_register_test" name="test_invalid_email" time="0.001"></testcase><testcase classname="src.auth_register_test" name="test_invalid_password" time="0.001"></testcase><testcase classname="src.auth_register_test" name="test_empty_password" time="0.003"></testcase><testcase classname="src.auth_register_test" name="test_invalid_fname" time="0.001"></testcase><testcase classname="src.auth_register_test" name="test_invalid_lname" time="0.002"></testcase><testcase classname="src.auth_register_test" name="test_empty_first_name" time="0.001"></testcase><testcase classname="src.auth_register_test" name="test_empty_last_name" time="0.001"></testcase><testcase classname="src.auth_register_test" name="test_already_registered" time="0.001"></testcase><testcase classname="src.channel_addowner_test" name="test_valid_addowner_public" time="0.001"></testcase><testcase classname="src.channel_addowner_test" name="test_invalid_addowner_channel_ID" time="0.001"></testcase><testcase classname="src.channel_addowner_test" name="test_invalid_addowner_user_ID" time="0.002"></testcase><testcase classname="src.channel_addowner_test" name="test_invalid_addowner_is_already_owner" time="0.001"></testcase><testcase classname="src.channel_addowner_test" name="test_invalid_addowner_not_authorized" time="0.001"></testcase><testcase classname="src.channel_details_test" name="test_valid_details_public" time="0.001"></testcase><testcase classname="src.channel_details_test" name="test_valid_details_private" time="0.001"></testcase><testcase classname="src.channel_details_test" name="test_invalid_details_not_member" time="0.001"></testcase><testcase classname="src.channel_details_test" name="test_invalid_details_channel_id_public" time="0.002"></testcase><testcase classname="src.channel_details_test" name="test_invalid_details_channel_id_private" time="0.001"></testcase><testcase classname="src.channel_invite_test" name="test_valid_invite_public" time="0.002"></testcase><testcase classname="src.channel_invite_test" name="test_valid_invite_private" time="0.001"></testcase><testcase classname="src.channel_invite_test" name="test_duplicate_invite_public" time="0.002"></testcase><testcase classname="src.channel_invite_test" name="test_duplicate_invite_private" time="0.001"></testcase><testcase classname="src.channel_invite_test" name="test_invalid_public_channel_id" time="0.001"></testcase><testcase classname="src.channel_invite_test" name="test_invalid_private_channel_id" time="0.001"></testcase><testcase classname="src.channel_invite_test" name="test_invalid_public_user_id" time="0.002"></testcase><testcase classname="src.channel_invite_test" name="test_invalid_private_user_id" time="0.001"></testcase><testcase classname="src.channel_join_test" name="test_valid_join_public_owner" time="0.002"></testcase><testcase classname="src.channel_join_test" name="test_valid_join_public_memeber" time="0.001"></testcase><testcase classname="src.channel_join_test" name="test_valid_join_private_owner" time="0.001"></testcase><testcase classname="src.channel_join_test" name="test_invalid_public_channel_id" time="0.001"></testcase><testcase classname="src.channel_join_test" name="test_invalid_private_channel_id" time="0.004"></testcase><testcase classname="src.channel_join_test" name="test_invalid_join_not_authorized" time="0.003"></testcase><testcase classname="src.channel_leave_test" name="test_valid_leave_public" time="0.001"></testcase><testcase classname="src.channel_leave_test" name="test_invalid_leave_channel_ID_public" time="0.003"></testcase><testcase classname="src.channel_leave_test" name="test_invalid_leave_channel_ID_private" time="0.001"></testcase><testcase classname="src.channel_leave_test" name="test_invalid_leave_not_member" time="0.002"></testcase><testcase classname="src.channel_messages_test" name="test_valid_channel_message" time="0.001"></testcase><testcase classname="src.channel_messages_test" name="test_invalid_channel_messages_ID" time="0.002"></testcase><testcase classname="src.channel_messages_test" name="test_invalid_channel_messages_start" time="0.001"></testcase><testcase classname="src.channel_messages_test" name="test_invalid_channel_messages_authorised" time="0.001"></testcase><testcase classname="src.channel_removeowner_test" name="test_valid_removeowner" time="0.002"></testcase><testcase classname="src.channel_removeowner_test" name="test_invalid_removeowner_channel_ID" time="0.001"></testcase><testcase classname="src.channel_removeowner_test" name="test_invalid_removeowner_not_owner" time="0.002"></testcase><testcase classname="src.channel_removeowner_test" name="test_invalid_removeowner_not_authorised" time="0.002"></testcase><testcase classname="src.channels_create_test" name="test_channels_create_valid_token" time="0.002"></testcase><testcase classname="src.channels_create_test" name="test_channels_create_valid_name" time="0.001"></testcase><testcase classname="src.channels_create_test" name="test_channels_create_is_public" time="0.002"></testcase><testcase classname="src.channels_create_test" name="test_channels_create_valid_all" time="0.001"></testcase><testcase classname="src.channels_list_test" name="test_channels_list_check_return_types" time="0.001"></testcase><testcase classname="src.channels_list_test" name="test_channels_list_empty_list" time="0.001"></testcase><testcase classname="src.channels_list_test" name="test_channels_list_public_only" time="0.001"></testcase><testcase classname="src.channels_list_test" name="test_channels_list_public_private" time="0.003"></testcase><testcase classname="src.channels_list_test" name="test_channels_list_owner_priv" time="0.003"></testcase><testcase classname="src.channels_listall_test" name="test_channels_listall_check_return_types" time="0.001"></testcase><testcase classname="src.channels_listall_test" name="test_channels_listall_empty_list" time="0.001"></testcase><testcase classname="src.channels_listall_test" name="test_channels_listall_public_only" time="0.001"></testcase><testcase classname="src.channels_listall_test" name="test_channels_listall_public_private" time="0.001"></testcase><testcase classname="src.echo_http_test" name="test_echo" time="0.520"></testcase><testcase classname="src.echo_test" name="test_echo" time="0.001"></testcase><testcase classname="src.echo_test" name="test_echo_except" time="0.002"></testcase><testcase classname="src.message_edit_test" name="test_valid_message_edit" time="0.002"></testcase><testcase classname="src.message_edit_test" name="test_authorized_edit_owner" time="0.003"></testcase><testcase classname="src.message_edit_test" name="test_authorized_edit_flockr_owner" time="0.002"></testcase><testcase classname="src.message_edit_test" name="test_invalid_token" time="0.002"></testcase><testcase classname="src.message_edit_test" name="test_invalid_message_id" time="0.002"></testcase><testcase classname="src.message_edit_test" name="test_invalid_message_edit_exceeds_size_limit" time="0.003"></testcase><testcase classname="src.message_edit_test" name="test_invalid_message_edit_not_sender" time="0.001"></testcase><testcase classname="src.message_edit_test" name="test_invalid_message_edit_not_authorized" time="0.001"></testcase><testcase classname="src.message_remove_test" name="test_valid_message_remove" time="0.001"></testcase><testcase classname="src.message_remove_test" name="test_valid_message_remove_channel_owner" time="0.002"></testcase><testcase classname="src.message_remove_test" name="test_valid_message_remove_flockr_owner" time="0.001"></testcase><testcase classname="src.message_remove_test" name="test_invalid_message_token" time="0.002"></testcase><testcase classname="src.message_remove_test" name="test_invalid_message_id" time="0.001"></testcase><testcase classname="src.message_remove_test" name="test_invalid_message_removed" time="0.001"></testcase><testcase classname="src.message_remove_test" name="test_invalid_message_remove_not_sender" time="0.001"></testcase><testcase classname="src.message_remove_test" name="test_invalid_message_remove_not_authorized" time="0.001"></testcase><testcase classname="src.message_send_test" name="test_valid_message_send" time="0.001"></testcase><testcase classname="src.message_send_test" name="test_invalid_message_token" time="0.002"></testcase><testcase classname="src.message_send_test" name="test_invalid_message_channel_id" time="0.001"></testcase><testcase classname="src.message_send_test" name="test_invalid_message_string_size_1000" time="0.003"></testcase><testcase classname="src.message_send_test" name="test_invalid_message_not_in_channel" time="0.001"></testcase></testsuite></testsuites>